2023-05-18 23:32:11,456 - ERROR - An exception occurred: Can only use .str accessor with string values!
Traceback (most recent call last):
  File "C:\Users\alejo\AppData\Local\Temp\ipykernel_8984\3283861045.py", line 6, in <module>
    df['DISTANCE'] = df['DISTANCE'].str.replace(' miles', '')
  File "C:\Users\alejo\AppData\Local\Packages\PythonSoftwareFoundation.Python.3.10_qbz5n2kfra8p0\LocalCache\local-packages\Python310\site-packages\pandas\core\generic.py", line 5902, in __getattr__
    return object.__getattribute__(self, name)
  File "C:\Users\alejo\AppData\Local\Packages\PythonSoftwareFoundation.Python.3.10_qbz5n2kfra8p0\LocalCache\local-packages\Python310\site-packages\pandas\core\accessor.py", line 182, in __get__
    accessor_obj = self._accessor(obj)
  File "C:\Users\alejo\AppData\Local\Packages\PythonSoftwareFoundation.Python.3.10_qbz5n2kfra8p0\LocalCache\local-packages\Python310\site-packages\pandas\core\strings\accessor.py", line 181, in __init__
    self._inferred_dtype = self._validate(data)
  File "C:\Users\alejo\AppData\Local\Packages\PythonSoftwareFoundation.Python.3.10_qbz5n2kfra8p0\LocalCache\local-packages\Python310\site-packages\pandas\core\strings\accessor.py", line 235, in _validate
    raise AttributeError("Can only use .str accessor with string values!")
AttributeError: Can only use .str accessor with string values!
2023-05-18 23:40:50,808 - ERROR - Se ha presentado una excepcion: StringMethods.replace() missing 1 required positional argument: 'repl'
Traceback (most recent call last):
  File "C:\Users\alejo\AppData\Local\Temp\ipykernel_8984\4249438086.py", line 14, in <module>
    df['CANCELLED']=df['CANCELLED'].str.replace(valores_bool,regex=True)
  File "C:\Users\alejo\AppData\Local\Packages\PythonSoftwareFoundation.Python.3.10_qbz5n2kfra8p0\LocalCache\local-packages\Python310\site-packages\pandas\core\strings\accessor.py", line 129, in wrapper
    return func(self, *args, **kwargs)
TypeError: StringMethods.replace() missing 1 required positional argument: 'repl'
2023-05-18 23:40:50,808 - ERROR - Se ha presentado una excepcion: StringMethods.replace() missing 1 required positional argument: 'repl'
Traceback (most recent call last):
  File "C:\Users\alejo\AppData\Local\Temp\ipykernel_8984\4249438086.py", line 14, in <module>
    df['CANCELLED']=df['CANCELLED'].str.replace(valores_bool,regex=True)
  File "C:\Users\alejo\AppData\Local\Packages\PythonSoftwareFoundation.Python.3.10_qbz5n2kfra8p0\LocalCache\local-packages\Python310\site-packages\pandas\core\strings\accessor.py", line 129, in wrapper
    return func(self, *args, **kwargs)
TypeError: StringMethods.replace() missing 1 required positional argument: 'repl'
2023-05-18 23:41:27,386 - ERROR - Se ha presentado una excepcion: Can only use .str accessor with string values!
Traceback (most recent call last):
  File "C:\Users\alejo\AppData\Local\Temp\ipykernel_8984\3984319801.py", line 6, in <module>
    df['DISTANCE']=df['DISTANCE'].str.replace(' miles', '')
  File "C:\Users\alejo\AppData\Local\Packages\PythonSoftwareFoundation.Python.3.10_qbz5n2kfra8p0\LocalCache\local-packages\Python310\site-packages\pandas\core\generic.py", line 5902, in __getattr__
    return object.__getattribute__(self, name)
  File "C:\Users\alejo\AppData\Local\Packages\PythonSoftwareFoundation.Python.3.10_qbz5n2kfra8p0\LocalCache\local-packages\Python310\site-packages\pandas\core\accessor.py", line 182, in __get__
    accessor_obj = self._accessor(obj)
  File "C:\Users\alejo\AppData\Local\Packages\PythonSoftwareFoundation.Python.3.10_qbz5n2kfra8p0\LocalCache\local-packages\Python310\site-packages\pandas\core\strings\accessor.py", line 181, in __init__
    self._inferred_dtype = self._validate(data)
  File "C:\Users\alejo\AppData\Local\Packages\PythonSoftwareFoundation.Python.3.10_qbz5n2kfra8p0\LocalCache\local-packages\Python310\site-packages\pandas\core\strings\accessor.py", line 235, in _validate
    raise AttributeError("Can only use .str accessor with string values!")
AttributeError: Can only use .str accessor with string values!
2023-05-18 23:41:27,386 - ERROR - Se ha presentado una excepcion: Can only use .str accessor with string values!
Traceback (most recent call last):
  File "C:\Users\alejo\AppData\Local\Temp\ipykernel_8984\3984319801.py", line 6, in <module>
    df['DISTANCE']=df['DISTANCE'].str.replace(' miles', '')
  File "C:\Users\alejo\AppData\Local\Packages\PythonSoftwareFoundation.Python.3.10_qbz5n2kfra8p0\LocalCache\local-packages\Python310\site-packages\pandas\core\generic.py", line 5902, in __getattr__
    return object.__getattribute__(self, name)
  File "C:\Users\alejo\AppData\Local\Packages\PythonSoftwareFoundation.Python.3.10_qbz5n2kfra8p0\LocalCache\local-packages\Python310\site-packages\pandas\core\accessor.py", line 182, in __get__
    accessor_obj = self._accessor(obj)
  File "C:\Users\alejo\AppData\Local\Packages\PythonSoftwareFoundation.Python.3.10_qbz5n2kfra8p0\LocalCache\local-packages\Python310\site-packages\pandas\core\strings\accessor.py", line 181, in __init__
    self._inferred_dtype = self._validate(data)
  File "C:\Users\alejo\AppData\Local\Packages\PythonSoftwareFoundation.Python.3.10_qbz5n2kfra8p0\LocalCache\local-packages\Python310\site-packages\pandas\core\strings\accessor.py", line 235, in _validate
    raise AttributeError("Can only use .str accessor with string values!")
AttributeError: Can only use .str accessor with string values!
2023-05-18 23:43:08,192 - ERROR - Se ha presentado una excepcion: Can only use .str accessor with string values!
Traceback (most recent call last):
  File "C:\Users\alejo\AppData\Local\Temp\ipykernel_8984\3771178491.py", line 6, in <module>
    df['DISTANCE']=df['DISTANCE'].str.replace(' miles', '')
  File "C:\Users\alejo\AppData\Local\Packages\PythonSoftwareFoundation.Python.3.10_qbz5n2kfra8p0\LocalCache\local-packages\Python310\site-packages\pandas\core\generic.py", line 5902, in __getattr__
    return object.__getattribute__(self, name)
  File "C:\Users\alejo\AppData\Local\Packages\PythonSoftwareFoundation.Python.3.10_qbz5n2kfra8p0\LocalCache\local-packages\Python310\site-packages\pandas\core\accessor.py", line 182, in __get__
    accessor_obj = self._accessor(obj)
  File "C:\Users\alejo\AppData\Local\Packages\PythonSoftwareFoundation.Python.3.10_qbz5n2kfra8p0\LocalCache\local-packages\Python310\site-packages\pandas\core\strings\accessor.py", line 181, in __init__
    self._inferred_dtype = self._validate(data)
  File "C:\Users\alejo\AppData\Local\Packages\PythonSoftwareFoundation.Python.3.10_qbz5n2kfra8p0\LocalCache\local-packages\Python310\site-packages\pandas\core\strings\accessor.py", line 235, in _validate
    raise AttributeError("Can only use .str accessor with string values!")
AttributeError: Can only use .str accessor with string values!
2023-05-18 23:43:08,192 - ERROR - Se ha presentado una excepcion: Can only use .str accessor with string values!
Traceback (most recent call last):
  File "C:\Users\alejo\AppData\Local\Temp\ipykernel_8984\3771178491.py", line 6, in <module>
    df['DISTANCE']=df['DISTANCE'].str.replace(' miles', '')
  File "C:\Users\alejo\AppData\Local\Packages\PythonSoftwareFoundation.Python.3.10_qbz5n2kfra8p0\LocalCache\local-packages\Python310\site-packages\pandas\core\generic.py", line 5902, in __getattr__
    return object.__getattribute__(self, name)
  File "C:\Users\alejo\AppData\Local\Packages\PythonSoftwareFoundation.Python.3.10_qbz5n2kfra8p0\LocalCache\local-packages\Python310\site-packages\pandas\core\accessor.py", line 182, in __get__
    accessor_obj = self._accessor(obj)
  File "C:\Users\alejo\AppData\Local\Packages\PythonSoftwareFoundation.Python.3.10_qbz5n2kfra8p0\LocalCache\local-packages\Python310\site-packages\pandas\core\strings\accessor.py", line 181, in __init__
    self._inferred_dtype = self._validate(data)
  File "C:\Users\alejo\AppData\Local\Packages\PythonSoftwareFoundation.Python.3.10_qbz5n2kfra8p0\LocalCache\local-packages\Python310\site-packages\pandas\core\strings\accessor.py", line 235, in _validate
    raise AttributeError("Can only use .str accessor with string values!")
AttributeError: Can only use .str accessor with string values!
2023-05-18 23:43:08,192 - ERROR - Se ha presentado una excepcion: Can only use .str accessor with string values!
Traceback (most recent call last):
  File "C:\Users\alejo\AppData\Local\Temp\ipykernel_8984\3771178491.py", line 6, in <module>
    df['DISTANCE']=df['DISTANCE'].str.replace(' miles', '')
  File "C:\Users\alejo\AppData\Local\Packages\PythonSoftwareFoundation.Python.3.10_qbz5n2kfra8p0\LocalCache\local-packages\Python310\site-packages\pandas\core\generic.py", line 5902, in __getattr__
    return object.__getattribute__(self, name)
  File "C:\Users\alejo\AppData\Local\Packages\PythonSoftwareFoundation.Python.3.10_qbz5n2kfra8p0\LocalCache\local-packages\Python310\site-packages\pandas\core\accessor.py", line 182, in __get__
    accessor_obj = self._accessor(obj)
  File "C:\Users\alejo\AppData\Local\Packages\PythonSoftwareFoundation.Python.3.10_qbz5n2kfra8p0\LocalCache\local-packages\Python310\site-packages\pandas\core\strings\accessor.py", line 181, in __init__
    self._inferred_dtype = self._validate(data)
  File "C:\Users\alejo\AppData\Local\Packages\PythonSoftwareFoundation.Python.3.10_qbz5n2kfra8p0\LocalCache\local-packages\Python310\site-packages\pandas\core\strings\accessor.py", line 235, in _validate
    raise AttributeError("Can only use .str accessor with string values!")
AttributeError: Can only use .str accessor with string values!
2023-05-18 23:43:08,192 - ERROR - Se ha presentado una excepcion: Can only use .str accessor with string values!
Traceback (most recent call last):
  File "C:\Users\alejo\AppData\Local\Temp\ipykernel_8984\3771178491.py", line 6, in <module>
    df['DISTANCE']=df['DISTANCE'].str.replace(' miles', '')
  File "C:\Users\alejo\AppData\Local\Packages\PythonSoftwareFoundation.Python.3.10_qbz5n2kfra8p0\LocalCache\local-packages\Python310\site-packages\pandas\core\generic.py", line 5902, in __getattr__
    return object.__getattribute__(self, name)
  File "C:\Users\alejo\AppData\Local\Packages\PythonSoftwareFoundation.Python.3.10_qbz5n2kfra8p0\LocalCache\local-packages\Python310\site-packages\pandas\core\accessor.py", line 182, in __get__
    accessor_obj = self._accessor(obj)
  File "C:\Users\alejo\AppData\Local\Packages\PythonSoftwareFoundation.Python.3.10_qbz5n2kfra8p0\LocalCache\local-packages\Python310\site-packages\pandas\core\strings\accessor.py", line 181, in __init__
    self._inferred_dtype = self._validate(data)
  File "C:\Users\alejo\AppData\Local\Packages\PythonSoftwareFoundation.Python.3.10_qbz5n2kfra8p0\LocalCache\local-packages\Python310\site-packages\pandas\core\strings\accessor.py", line 235, in _validate
    raise AttributeError("Can only use .str accessor with string values!")
AttributeError: Can only use .str accessor with string values!
2023-05-18 23:44:21,373 - ERROR - Se ha presentado una excepcion: Need to pass bool-like values
Traceback (most recent call last):
  File "C:\Users\alejo\AppData\Local\Temp\ipykernel_8984\2559024290.py", line 17, in <module>
    df['DIVERTED']=df['DIVERTED'].astype('boolean')
  File "C:\Users\alejo\AppData\Local\Packages\PythonSoftwareFoundation.Python.3.10_qbz5n2kfra8p0\LocalCache\local-packages\Python310\site-packages\pandas\core\generic.py", line 6240, in astype
    new_data = self._mgr.astype(dtype=dtype, copy=copy, errors=errors)
  File "C:\Users\alejo\AppData\Local\Packages\PythonSoftwareFoundation.Python.3.10_qbz5n2kfra8p0\LocalCache\local-packages\Python310\site-packages\pandas\core\internals\managers.py", line 448, in astype
    return self.apply("astype", dtype=dtype, copy=copy, errors=errors)
  File "C:\Users\alejo\AppData\Local\Packages\PythonSoftwareFoundation.Python.3.10_qbz5n2kfra8p0\LocalCache\local-packages\Python310\site-packages\pandas\core\internals\managers.py", line 352, in apply
    applied = getattr(b, f)(**kwargs)
  File "C:\Users\alejo\AppData\Local\Packages\PythonSoftwareFoundation.Python.3.10_qbz5n2kfra8p0\LocalCache\local-packages\Python310\site-packages\pandas\core\internals\blocks.py", line 526, in astype
    new_values = astype_array_safe(values, dtype, copy=copy, errors=errors)
  File "C:\Users\alejo\AppData\Local\Packages\PythonSoftwareFoundation.Python.3.10_qbz5n2kfra8p0\LocalCache\local-packages\Python310\site-packages\pandas\core\dtypes\astype.py", line 299, in astype_array_safe
    new_values = astype_array(values, dtype, copy=copy)
  File "C:\Users\alejo\AppData\Local\Packages\PythonSoftwareFoundation.Python.3.10_qbz5n2kfra8p0\LocalCache\local-packages\Python310\site-packages\pandas\core\dtypes\astype.py", line 230, in astype_array
    values = astype_nansafe(values, dtype, copy=copy)
  File "C:\Users\alejo\AppData\Local\Packages\PythonSoftwareFoundation.Python.3.10_qbz5n2kfra8p0\LocalCache\local-packages\Python310\site-packages\pandas\core\dtypes\astype.py", line 95, in astype_nansafe
    return dtype.construct_array_type()._from_sequence(arr, dtype=dtype, copy=copy)
  File "C:\Users\alejo\AppData\Local\Packages\PythonSoftwareFoundation.Python.3.10_qbz5n2kfra8p0\LocalCache\local-packages\Python310\site-packages\pandas\core\arrays\masked.py", line 132, in _from_sequence
    values, mask = cls._coerce_to_array(scalars, dtype=dtype, copy=copy)
  File "C:\Users\alejo\AppData\Local\Packages\PythonSoftwareFoundation.Python.3.10_qbz5n2kfra8p0\LocalCache\local-packages\Python310\site-packages\pandas\core\arrays\boolean.py", line 344, in _coerce_to_array
    return coerce_to_array(value, copy=copy)
  File "C:\Users\alejo\AppData\Local\Packages\PythonSoftwareFoundation.Python.3.10_qbz5n2kfra8p0\LocalCache\local-packages\Python310\site-packages\pandas\core\arrays\boolean.py", line 194, in coerce_to_array
    raise TypeError("Need to pass bool-like values")
TypeError: Need to pass bool-like values
2023-05-18 23:44:21,373 - ERROR - Se ha presentado una excepcion: Need to pass bool-like values
Traceback (most recent call last):
  File "C:\Users\alejo\AppData\Local\Temp\ipykernel_8984\2559024290.py", line 17, in <module>
    df['DIVERTED']=df['DIVERTED'].astype('boolean')
  File "C:\Users\alejo\AppData\Local\Packages\PythonSoftwareFoundation.Python.3.10_qbz5n2kfra8p0\LocalCache\local-packages\Python310\site-packages\pandas\core\generic.py", line 6240, in astype
    new_data = self._mgr.astype(dtype=dtype, copy=copy, errors=errors)
  File "C:\Users\alejo\AppData\Local\Packages\PythonSoftwareFoundation.Python.3.10_qbz5n2kfra8p0\LocalCache\local-packages\Python310\site-packages\pandas\core\internals\managers.py", line 448, in astype
    return self.apply("astype", dtype=dtype, copy=copy, errors=errors)
  File "C:\Users\alejo\AppData\Local\Packages\PythonSoftwareFoundation.Python.3.10_qbz5n2kfra8p0\LocalCache\local-packages\Python310\site-packages\pandas\core\internals\managers.py", line 352, in apply
    applied = getattr(b, f)(**kwargs)
  File "C:\Users\alejo\AppData\Local\Packages\PythonSoftwareFoundation.Python.3.10_qbz5n2kfra8p0\LocalCache\local-packages\Python310\site-packages\pandas\core\internals\blocks.py", line 526, in astype
    new_values = astype_array_safe(values, dtype, copy=copy, errors=errors)
  File "C:\Users\alejo\AppData\Local\Packages\PythonSoftwareFoundation.Python.3.10_qbz5n2kfra8p0\LocalCache\local-packages\Python310\site-packages\pandas\core\dtypes\astype.py", line 299, in astype_array_safe
    new_values = astype_array(values, dtype, copy=copy)
  File "C:\Users\alejo\AppData\Local\Packages\PythonSoftwareFoundation.Python.3.10_qbz5n2kfra8p0\LocalCache\local-packages\Python310\site-packages\pandas\core\dtypes\astype.py", line 230, in astype_array
    values = astype_nansafe(values, dtype, copy=copy)
  File "C:\Users\alejo\AppData\Local\Packages\PythonSoftwareFoundation.Python.3.10_qbz5n2kfra8p0\LocalCache\local-packages\Python310\site-packages\pandas\core\dtypes\astype.py", line 95, in astype_nansafe
    return dtype.construct_array_type()._from_sequence(arr, dtype=dtype, copy=copy)
  File "C:\Users\alejo\AppData\Local\Packages\PythonSoftwareFoundation.Python.3.10_qbz5n2kfra8p0\LocalCache\local-packages\Python310\site-packages\pandas\core\arrays\masked.py", line 132, in _from_sequence
    values, mask = cls._coerce_to_array(scalars, dtype=dtype, copy=copy)
  File "C:\Users\alejo\AppData\Local\Packages\PythonSoftwareFoundation.Python.3.10_qbz5n2kfra8p0\LocalCache\local-packages\Python310\site-packages\pandas\core\arrays\boolean.py", line 344, in _coerce_to_array
    return coerce_to_array(value, copy=copy)
  File "C:\Users\alejo\AppData\Local\Packages\PythonSoftwareFoundation.Python.3.10_qbz5n2kfra8p0\LocalCache\local-packages\Python310\site-packages\pandas\core\arrays\boolean.py", line 194, in coerce_to_array
    raise TypeError("Need to pass bool-like values")
TypeError: Need to pass bool-like values
2023-05-18 23:44:21,373 - ERROR - Se ha presentado una excepcion: Need to pass bool-like values
Traceback (most recent call last):
  File "C:\Users\alejo\AppData\Local\Temp\ipykernel_8984\2559024290.py", line 17, in <module>
    df['DIVERTED']=df['DIVERTED'].astype('boolean')
  File "C:\Users\alejo\AppData\Local\Packages\PythonSoftwareFoundation.Python.3.10_qbz5n2kfra8p0\LocalCache\local-packages\Python310\site-packages\pandas\core\generic.py", line 6240, in astype
    new_data = self._mgr.astype(dtype=dtype, copy=copy, errors=errors)
  File "C:\Users\alejo\AppData\Local\Packages\PythonSoftwareFoundation.Python.3.10_qbz5n2kfra8p0\LocalCache\local-packages\Python310\site-packages\pandas\core\internals\managers.py", line 448, in astype
    return self.apply("astype", dtype=dtype, copy=copy, errors=errors)
  File "C:\Users\alejo\AppData\Local\Packages\PythonSoftwareFoundation.Python.3.10_qbz5n2kfra8p0\LocalCache\local-packages\Python310\site-packages\pandas\core\internals\managers.py", line 352, in apply
    applied = getattr(b, f)(**kwargs)
  File "C:\Users\alejo\AppData\Local\Packages\PythonSoftwareFoundation.Python.3.10_qbz5n2kfra8p0\LocalCache\local-packages\Python310\site-packages\pandas\core\internals\blocks.py", line 526, in astype
    new_values = astype_array_safe(values, dtype, copy=copy, errors=errors)
  File "C:\Users\alejo\AppData\Local\Packages\PythonSoftwareFoundation.Python.3.10_qbz5n2kfra8p0\LocalCache\local-packages\Python310\site-packages\pandas\core\dtypes\astype.py", line 299, in astype_array_safe
    new_values = astype_array(values, dtype, copy=copy)
  File "C:\Users\alejo\AppData\Local\Packages\PythonSoftwareFoundation.Python.3.10_qbz5n2kfra8p0\LocalCache\local-packages\Python310\site-packages\pandas\core\dtypes\astype.py", line 230, in astype_array
    values = astype_nansafe(values, dtype, copy=copy)
  File "C:\Users\alejo\AppData\Local\Packages\PythonSoftwareFoundation.Python.3.10_qbz5n2kfra8p0\LocalCache\local-packages\Python310\site-packages\pandas\core\dtypes\astype.py", line 95, in astype_nansafe
    return dtype.construct_array_type()._from_sequence(arr, dtype=dtype, copy=copy)
  File "C:\Users\alejo\AppData\Local\Packages\PythonSoftwareFoundation.Python.3.10_qbz5n2kfra8p0\LocalCache\local-packages\Python310\site-packages\pandas\core\arrays\masked.py", line 132, in _from_sequence
    values, mask = cls._coerce_to_array(scalars, dtype=dtype, copy=copy)
  File "C:\Users\alejo\AppData\Local\Packages\PythonSoftwareFoundation.Python.3.10_qbz5n2kfra8p0\LocalCache\local-packages\Python310\site-packages\pandas\core\arrays\boolean.py", line 344, in _coerce_to_array
    return coerce_to_array(value, copy=copy)
  File "C:\Users\alejo\AppData\Local\Packages\PythonSoftwareFoundation.Python.3.10_qbz5n2kfra8p0\LocalCache\local-packages\Python310\site-packages\pandas\core\arrays\boolean.py", line 194, in coerce_to_array
    raise TypeError("Need to pass bool-like values")
TypeError: Need to pass bool-like values
2023-05-18 23:44:21,373 - ERROR - Se ha presentado una excepcion: Need to pass bool-like values
Traceback (most recent call last):
  File "C:\Users\alejo\AppData\Local\Temp\ipykernel_8984\2559024290.py", line 17, in <module>
    df['DIVERTED']=df['DIVERTED'].astype('boolean')
  File "C:\Users\alejo\AppData\Local\Packages\PythonSoftwareFoundation.Python.3.10_qbz5n2kfra8p0\LocalCache\local-packages\Python310\site-packages\pandas\core\generic.py", line 6240, in astype
    new_data = self._mgr.astype(dtype=dtype, copy=copy, errors=errors)
  File "C:\Users\alejo\AppData\Local\Packages\PythonSoftwareFoundation.Python.3.10_qbz5n2kfra8p0\LocalCache\local-packages\Python310\site-packages\pandas\core\internals\managers.py", line 448, in astype
    return self.apply("astype", dtype=dtype, copy=copy, errors=errors)
  File "C:\Users\alejo\AppData\Local\Packages\PythonSoftwareFoundation.Python.3.10_qbz5n2kfra8p0\LocalCache\local-packages\Python310\site-packages\pandas\core\internals\managers.py", line 352, in apply
    applied = getattr(b, f)(**kwargs)
  File "C:\Users\alejo\AppData\Local\Packages\PythonSoftwareFoundation.Python.3.10_qbz5n2kfra8p0\LocalCache\local-packages\Python310\site-packages\pandas\core\internals\blocks.py", line 526, in astype
    new_values = astype_array_safe(values, dtype, copy=copy, errors=errors)
  File "C:\Users\alejo\AppData\Local\Packages\PythonSoftwareFoundation.Python.3.10_qbz5n2kfra8p0\LocalCache\local-packages\Python310\site-packages\pandas\core\dtypes\astype.py", line 299, in astype_array_safe
    new_values = astype_array(values, dtype, copy=copy)
  File "C:\Users\alejo\AppData\Local\Packages\PythonSoftwareFoundation.Python.3.10_qbz5n2kfra8p0\LocalCache\local-packages\Python310\site-packages\pandas\core\dtypes\astype.py", line 230, in astype_array
    values = astype_nansafe(values, dtype, copy=copy)
  File "C:\Users\alejo\AppData\Local\Packages\PythonSoftwareFoundation.Python.3.10_qbz5n2kfra8p0\LocalCache\local-packages\Python310\site-packages\pandas\core\dtypes\astype.py", line 95, in astype_nansafe
    return dtype.construct_array_type()._from_sequence(arr, dtype=dtype, copy=copy)
  File "C:\Users\alejo\AppData\Local\Packages\PythonSoftwareFoundation.Python.3.10_qbz5n2kfra8p0\LocalCache\local-packages\Python310\site-packages\pandas\core\arrays\masked.py", line 132, in _from_sequence
    values, mask = cls._coerce_to_array(scalars, dtype=dtype, copy=copy)
  File "C:\Users\alejo\AppData\Local\Packages\PythonSoftwareFoundation.Python.3.10_qbz5n2kfra8p0\LocalCache\local-packages\Python310\site-packages\pandas\core\arrays\boolean.py", line 344, in _coerce_to_array
    return coerce_to_array(value, copy=copy)
  File "C:\Users\alejo\AppData\Local\Packages\PythonSoftwareFoundation.Python.3.10_qbz5n2kfra8p0\LocalCache\local-packages\Python310\site-packages\pandas\core\arrays\boolean.py", line 194, in coerce_to_array
    raise TypeError("Need to pass bool-like values")
TypeError: Need to pass bool-like values
2023-05-18 23:44:21,373 - ERROR - Se ha presentado una excepcion: Need to pass bool-like values
Traceback (most recent call last):
  File "C:\Users\alejo\AppData\Local\Temp\ipykernel_8984\2559024290.py", line 17, in <module>
    df['DIVERTED']=df['DIVERTED'].astype('boolean')
  File "C:\Users\alejo\AppData\Local\Packages\PythonSoftwareFoundation.Python.3.10_qbz5n2kfra8p0\LocalCache\local-packages\Python310\site-packages\pandas\core\generic.py", line 6240, in astype
    new_data = self._mgr.astype(dtype=dtype, copy=copy, errors=errors)
  File "C:\Users\alejo\AppData\Local\Packages\PythonSoftwareFoundation.Python.3.10_qbz5n2kfra8p0\LocalCache\local-packages\Python310\site-packages\pandas\core\internals\managers.py", line 448, in astype
    return self.apply("astype", dtype=dtype, copy=copy, errors=errors)
  File "C:\Users\alejo\AppData\Local\Packages\PythonSoftwareFoundation.Python.3.10_qbz5n2kfra8p0\LocalCache\local-packages\Python310\site-packages\pandas\core\internals\managers.py", line 352, in apply
    applied = getattr(b, f)(**kwargs)
  File "C:\Users\alejo\AppData\Local\Packages\PythonSoftwareFoundation.Python.3.10_qbz5n2kfra8p0\LocalCache\local-packages\Python310\site-packages\pandas\core\internals\blocks.py", line 526, in astype
    new_values = astype_array_safe(values, dtype, copy=copy, errors=errors)
  File "C:\Users\alejo\AppData\Local\Packages\PythonSoftwareFoundation.Python.3.10_qbz5n2kfra8p0\LocalCache\local-packages\Python310\site-packages\pandas\core\dtypes\astype.py", line 299, in astype_array_safe
    new_values = astype_array(values, dtype, copy=copy)
  File "C:\Users\alejo\AppData\Local\Packages\PythonSoftwareFoundation.Python.3.10_qbz5n2kfra8p0\LocalCache\local-packages\Python310\site-packages\pandas\core\dtypes\astype.py", line 230, in astype_array
    values = astype_nansafe(values, dtype, copy=copy)
  File "C:\Users\alejo\AppData\Local\Packages\PythonSoftwareFoundation.Python.3.10_qbz5n2kfra8p0\LocalCache\local-packages\Python310\site-packages\pandas\core\dtypes\astype.py", line 95, in astype_nansafe
    return dtype.construct_array_type()._from_sequence(arr, dtype=dtype, copy=copy)
  File "C:\Users\alejo\AppData\Local\Packages\PythonSoftwareFoundation.Python.3.10_qbz5n2kfra8p0\LocalCache\local-packages\Python310\site-packages\pandas\core\arrays\masked.py", line 132, in _from_sequence
    values, mask = cls._coerce_to_array(scalars, dtype=dtype, copy=copy)
  File "C:\Users\alejo\AppData\Local\Packages\PythonSoftwareFoundation.Python.3.10_qbz5n2kfra8p0\LocalCache\local-packages\Python310\site-packages\pandas\core\arrays\boolean.py", line 344, in _coerce_to_array
    return coerce_to_array(value, copy=copy)
  File "C:\Users\alejo\AppData\Local\Packages\PythonSoftwareFoundation.Python.3.10_qbz5n2kfra8p0\LocalCache\local-packages\Python310\site-packages\pandas\core\arrays\boolean.py", line 194, in coerce_to_array
    raise TypeError("Need to pass bool-like values")
TypeError: Need to pass bool-like values
2023-05-18 23:44:21,373 - ERROR - Se ha presentado una excepcion: Need to pass bool-like values
Traceback (most recent call last):
  File "C:\Users\alejo\AppData\Local\Temp\ipykernel_8984\2559024290.py", line 17, in <module>
    df['DIVERTED']=df['DIVERTED'].astype('boolean')
  File "C:\Users\alejo\AppData\Local\Packages\PythonSoftwareFoundation.Python.3.10_qbz5n2kfra8p0\LocalCache\local-packages\Python310\site-packages\pandas\core\generic.py", line 6240, in astype
    new_data = self._mgr.astype(dtype=dtype, copy=copy, errors=errors)
  File "C:\Users\alejo\AppData\Local\Packages\PythonSoftwareFoundation.Python.3.10_qbz5n2kfra8p0\LocalCache\local-packages\Python310\site-packages\pandas\core\internals\managers.py", line 448, in astype
    return self.apply("astype", dtype=dtype, copy=copy, errors=errors)
  File "C:\Users\alejo\AppData\Local\Packages\PythonSoftwareFoundation.Python.3.10_qbz5n2kfra8p0\LocalCache\local-packages\Python310\site-packages\pandas\core\internals\managers.py", line 352, in apply
    applied = getattr(b, f)(**kwargs)
  File "C:\Users\alejo\AppData\Local\Packages\PythonSoftwareFoundation.Python.3.10_qbz5n2kfra8p0\LocalCache\local-packages\Python310\site-packages\pandas\core\internals\blocks.py", line 526, in astype
    new_values = astype_array_safe(values, dtype, copy=copy, errors=errors)
  File "C:\Users\alejo\AppData\Local\Packages\PythonSoftwareFoundation.Python.3.10_qbz5n2kfra8p0\LocalCache\local-packages\Python310\site-packages\pandas\core\dtypes\astype.py", line 299, in astype_array_safe
    new_values = astype_array(values, dtype, copy=copy)
  File "C:\Users\alejo\AppData\Local\Packages\PythonSoftwareFoundation.Python.3.10_qbz5n2kfra8p0\LocalCache\local-packages\Python310\site-packages\pandas\core\dtypes\astype.py", line 230, in astype_array
    values = astype_nansafe(values, dtype, copy=copy)
  File "C:\Users\alejo\AppData\Local\Packages\PythonSoftwareFoundation.Python.3.10_qbz5n2kfra8p0\LocalCache\local-packages\Python310\site-packages\pandas\core\dtypes\astype.py", line 95, in astype_nansafe
    return dtype.construct_array_type()._from_sequence(arr, dtype=dtype, copy=copy)
  File "C:\Users\alejo\AppData\Local\Packages\PythonSoftwareFoundation.Python.3.10_qbz5n2kfra8p0\LocalCache\local-packages\Python310\site-packages\pandas\core\arrays\masked.py", line 132, in _from_sequence
    values, mask = cls._coerce_to_array(scalars, dtype=dtype, copy=copy)
  File "C:\Users\alejo\AppData\Local\Packages\PythonSoftwareFoundation.Python.3.10_qbz5n2kfra8p0\LocalCache\local-packages\Python310\site-packages\pandas\core\arrays\boolean.py", line 344, in _coerce_to_array
    return coerce_to_array(value, copy=copy)
  File "C:\Users\alejo\AppData\Local\Packages\PythonSoftwareFoundation.Python.3.10_qbz5n2kfra8p0\LocalCache\local-packages\Python310\site-packages\pandas\core\arrays\boolean.py", line 194, in coerce_to_array
    raise TypeError("Need to pass bool-like values")
TypeError: Need to pass bool-like values
2023-05-18 23:45:33,882 - ERROR - Se ha presentado una excepcion: Need to pass bool-like values
Traceback (most recent call last):
  File "C:\Users\alejo\AppData\Local\Temp\ipykernel_8984\4051536291.py", line 17, in <module>
    df['DIVERTED']=df['DIVERTED'].astype('boolean')
  File "C:\Users\alejo\AppData\Local\Packages\PythonSoftwareFoundation.Python.3.10_qbz5n2kfra8p0\LocalCache\local-packages\Python310\site-packages\pandas\core\generic.py", line 6240, in astype
    new_data = self._mgr.astype(dtype=dtype, copy=copy, errors=errors)
  File "C:\Users\alejo\AppData\Local\Packages\PythonSoftwareFoundation.Python.3.10_qbz5n2kfra8p0\LocalCache\local-packages\Python310\site-packages\pandas\core\internals\managers.py", line 448, in astype
    return self.apply("astype", dtype=dtype, copy=copy, errors=errors)
  File "C:\Users\alejo\AppData\Local\Packages\PythonSoftwareFoundation.Python.3.10_qbz5n2kfra8p0\LocalCache\local-packages\Python310\site-packages\pandas\core\internals\managers.py", line 352, in apply
    applied = getattr(b, f)(**kwargs)
  File "C:\Users\alejo\AppData\Local\Packages\PythonSoftwareFoundation.Python.3.10_qbz5n2kfra8p0\LocalCache\local-packages\Python310\site-packages\pandas\core\internals\blocks.py", line 526, in astype
    new_values = astype_array_safe(values, dtype, copy=copy, errors=errors)
  File "C:\Users\alejo\AppData\Local\Packages\PythonSoftwareFoundation.Python.3.10_qbz5n2kfra8p0\LocalCache\local-packages\Python310\site-packages\pandas\core\dtypes\astype.py", line 299, in astype_array_safe
    new_values = astype_array(values, dtype, copy=copy)
  File "C:\Users\alejo\AppData\Local\Packages\PythonSoftwareFoundation.Python.3.10_qbz5n2kfra8p0\LocalCache\local-packages\Python310\site-packages\pandas\core\dtypes\astype.py", line 230, in astype_array
    values = astype_nansafe(values, dtype, copy=copy)
  File "C:\Users\alejo\AppData\Local\Packages\PythonSoftwareFoundation.Python.3.10_qbz5n2kfra8p0\LocalCache\local-packages\Python310\site-packages\pandas\core\dtypes\astype.py", line 95, in astype_nansafe
    return dtype.construct_array_type()._from_sequence(arr, dtype=dtype, copy=copy)
  File "C:\Users\alejo\AppData\Local\Packages\PythonSoftwareFoundation.Python.3.10_qbz5n2kfra8p0\LocalCache\local-packages\Python310\site-packages\pandas\core\arrays\masked.py", line 132, in _from_sequence
    values, mask = cls._coerce_to_array(scalars, dtype=dtype, copy=copy)
  File "C:\Users\alejo\AppData\Local\Packages\PythonSoftwareFoundation.Python.3.10_qbz5n2kfra8p0\LocalCache\local-packages\Python310\site-packages\pandas\core\arrays\boolean.py", line 344, in _coerce_to_array
    return coerce_to_array(value, copy=copy)
  File "C:\Users\alejo\AppData\Local\Packages\PythonSoftwareFoundation.Python.3.10_qbz5n2kfra8p0\LocalCache\local-packages\Python310\site-packages\pandas\core\arrays\boolean.py", line 194, in coerce_to_array
    raise TypeError("Need to pass bool-like values")
TypeError: Need to pass bool-like values
2023-05-18 23:45:33,882 - ERROR - Se ha presentado una excepcion: Need to pass bool-like values
Traceback (most recent call last):
  File "C:\Users\alejo\AppData\Local\Temp\ipykernel_8984\4051536291.py", line 17, in <module>
    df['DIVERTED']=df['DIVERTED'].astype('boolean')
  File "C:\Users\alejo\AppData\Local\Packages\PythonSoftwareFoundation.Python.3.10_qbz5n2kfra8p0\LocalCache\local-packages\Python310\site-packages\pandas\core\generic.py", line 6240, in astype
    new_data = self._mgr.astype(dtype=dtype, copy=copy, errors=errors)
  File "C:\Users\alejo\AppData\Local\Packages\PythonSoftwareFoundation.Python.3.10_qbz5n2kfra8p0\LocalCache\local-packages\Python310\site-packages\pandas\core\internals\managers.py", line 448, in astype
    return self.apply("astype", dtype=dtype, copy=copy, errors=errors)
  File "C:\Users\alejo\AppData\Local\Packages\PythonSoftwareFoundation.Python.3.10_qbz5n2kfra8p0\LocalCache\local-packages\Python310\site-packages\pandas\core\internals\managers.py", line 352, in apply
    applied = getattr(b, f)(**kwargs)
  File "C:\Users\alejo\AppData\Local\Packages\PythonSoftwareFoundation.Python.3.10_qbz5n2kfra8p0\LocalCache\local-packages\Python310\site-packages\pandas\core\internals\blocks.py", line 526, in astype
    new_values = astype_array_safe(values, dtype, copy=copy, errors=errors)
  File "C:\Users\alejo\AppData\Local\Packages\PythonSoftwareFoundation.Python.3.10_qbz5n2kfra8p0\LocalCache\local-packages\Python310\site-packages\pandas\core\dtypes\astype.py", line 299, in astype_array_safe
    new_values = astype_array(values, dtype, copy=copy)
  File "C:\Users\alejo\AppData\Local\Packages\PythonSoftwareFoundation.Python.3.10_qbz5n2kfra8p0\LocalCache\local-packages\Python310\site-packages\pandas\core\dtypes\astype.py", line 230, in astype_array
    values = astype_nansafe(values, dtype, copy=copy)
  File "C:\Users\alejo\AppData\Local\Packages\PythonSoftwareFoundation.Python.3.10_qbz5n2kfra8p0\LocalCache\local-packages\Python310\site-packages\pandas\core\dtypes\astype.py", line 95, in astype_nansafe
    return dtype.construct_array_type()._from_sequence(arr, dtype=dtype, copy=copy)
  File "C:\Users\alejo\AppData\Local\Packages\PythonSoftwareFoundation.Python.3.10_qbz5n2kfra8p0\LocalCache\local-packages\Python310\site-packages\pandas\core\arrays\masked.py", line 132, in _from_sequence
    values, mask = cls._coerce_to_array(scalars, dtype=dtype, copy=copy)
  File "C:\Users\alejo\AppData\Local\Packages\PythonSoftwareFoundation.Python.3.10_qbz5n2kfra8p0\LocalCache\local-packages\Python310\site-packages\pandas\core\arrays\boolean.py", line 344, in _coerce_to_array
    return coerce_to_array(value, copy=copy)
  File "C:\Users\alejo\AppData\Local\Packages\PythonSoftwareFoundation.Python.3.10_qbz5n2kfra8p0\LocalCache\local-packages\Python310\site-packages\pandas\core\arrays\boolean.py", line 194, in coerce_to_array
    raise TypeError("Need to pass bool-like values")
TypeError: Need to pass bool-like values
2023-05-18 23:45:33,882 - ERROR - Se ha presentado una excepcion: Need to pass bool-like values
Traceback (most recent call last):
  File "C:\Users\alejo\AppData\Local\Temp\ipykernel_8984\4051536291.py", line 17, in <module>
    df['DIVERTED']=df['DIVERTED'].astype('boolean')
  File "C:\Users\alejo\AppData\Local\Packages\PythonSoftwareFoundation.Python.3.10_qbz5n2kfra8p0\LocalCache\local-packages\Python310\site-packages\pandas\core\generic.py", line 6240, in astype
    new_data = self._mgr.astype(dtype=dtype, copy=copy, errors=errors)
  File "C:\Users\alejo\AppData\Local\Packages\PythonSoftwareFoundation.Python.3.10_qbz5n2kfra8p0\LocalCache\local-packages\Python310\site-packages\pandas\core\internals\managers.py", line 448, in astype
    return self.apply("astype", dtype=dtype, copy=copy, errors=errors)
  File "C:\Users\alejo\AppData\Local\Packages\PythonSoftwareFoundation.Python.3.10_qbz5n2kfra8p0\LocalCache\local-packages\Python310\site-packages\pandas\core\internals\managers.py", line 352, in apply
    applied = getattr(b, f)(**kwargs)
  File "C:\Users\alejo\AppData\Local\Packages\PythonSoftwareFoundation.Python.3.10_qbz5n2kfra8p0\LocalCache\local-packages\Python310\site-packages\pandas\core\internals\blocks.py", line 526, in astype
    new_values = astype_array_safe(values, dtype, copy=copy, errors=errors)
  File "C:\Users\alejo\AppData\Local\Packages\PythonSoftwareFoundation.Python.3.10_qbz5n2kfra8p0\LocalCache\local-packages\Python310\site-packages\pandas\core\dtypes\astype.py", line 299, in astype_array_safe
    new_values = astype_array(values, dtype, copy=copy)
  File "C:\Users\alejo\AppData\Local\Packages\PythonSoftwareFoundation.Python.3.10_qbz5n2kfra8p0\LocalCache\local-packages\Python310\site-packages\pandas\core\dtypes\astype.py", line 230, in astype_array
    values = astype_nansafe(values, dtype, copy=copy)
  File "C:\Users\alejo\AppData\Local\Packages\PythonSoftwareFoundation.Python.3.10_qbz5n2kfra8p0\LocalCache\local-packages\Python310\site-packages\pandas\core\dtypes\astype.py", line 95, in astype_nansafe
    return dtype.construct_array_type()._from_sequence(arr, dtype=dtype, copy=copy)
  File "C:\Users\alejo\AppData\Local\Packages\PythonSoftwareFoundation.Python.3.10_qbz5n2kfra8p0\LocalCache\local-packages\Python310\site-packages\pandas\core\arrays\masked.py", line 132, in _from_sequence
    values, mask = cls._coerce_to_array(scalars, dtype=dtype, copy=copy)
  File "C:\Users\alejo\AppData\Local\Packages\PythonSoftwareFoundation.Python.3.10_qbz5n2kfra8p0\LocalCache\local-packages\Python310\site-packages\pandas\core\arrays\boolean.py", line 344, in _coerce_to_array
    return coerce_to_array(value, copy=copy)
  File "C:\Users\alejo\AppData\Local\Packages\PythonSoftwareFoundation.Python.3.10_qbz5n2kfra8p0\LocalCache\local-packages\Python310\site-packages\pandas\core\arrays\boolean.py", line 194, in coerce_to_array
    raise TypeError("Need to pass bool-like values")
TypeError: Need to pass bool-like values
2023-05-18 23:45:33,882 - ERROR - Se ha presentado una excepcion: Need to pass bool-like values
Traceback (most recent call last):
  File "C:\Users\alejo\AppData\Local\Temp\ipykernel_8984\4051536291.py", line 17, in <module>
    df['DIVERTED']=df['DIVERTED'].astype('boolean')
  File "C:\Users\alejo\AppData\Local\Packages\PythonSoftwareFoundation.Python.3.10_qbz5n2kfra8p0\LocalCache\local-packages\Python310\site-packages\pandas\core\generic.py", line 6240, in astype
    new_data = self._mgr.astype(dtype=dtype, copy=copy, errors=errors)
  File "C:\Users\alejo\AppData\Local\Packages\PythonSoftwareFoundation.Python.3.10_qbz5n2kfra8p0\LocalCache\local-packages\Python310\site-packages\pandas\core\internals\managers.py", line 448, in astype
    return self.apply("astype", dtype=dtype, copy=copy, errors=errors)
  File "C:\Users\alejo\AppData\Local\Packages\PythonSoftwareFoundation.Python.3.10_qbz5n2kfra8p0\LocalCache\local-packages\Python310\site-packages\pandas\core\internals\managers.py", line 352, in apply
    applied = getattr(b, f)(**kwargs)
  File "C:\Users\alejo\AppData\Local\Packages\PythonSoftwareFoundation.Python.3.10_qbz5n2kfra8p0\LocalCache\local-packages\Python310\site-packages\pandas\core\internals\blocks.py", line 526, in astype
    new_values = astype_array_safe(values, dtype, copy=copy, errors=errors)
  File "C:\Users\alejo\AppData\Local\Packages\PythonSoftwareFoundation.Python.3.10_qbz5n2kfra8p0\LocalCache\local-packages\Python310\site-packages\pandas\core\dtypes\astype.py", line 299, in astype_array_safe
    new_values = astype_array(values, dtype, copy=copy)
  File "C:\Users\alejo\AppData\Local\Packages\PythonSoftwareFoundation.Python.3.10_qbz5n2kfra8p0\LocalCache\local-packages\Python310\site-packages\pandas\core\dtypes\astype.py", line 230, in astype_array
    values = astype_nansafe(values, dtype, copy=copy)
  File "C:\Users\alejo\AppData\Local\Packages\PythonSoftwareFoundation.Python.3.10_qbz5n2kfra8p0\LocalCache\local-packages\Python310\site-packages\pandas\core\dtypes\astype.py", line 95, in astype_nansafe
    return dtype.construct_array_type()._from_sequence(arr, dtype=dtype, copy=copy)
  File "C:\Users\alejo\AppData\Local\Packages\PythonSoftwareFoundation.Python.3.10_qbz5n2kfra8p0\LocalCache\local-packages\Python310\site-packages\pandas\core\arrays\masked.py", line 132, in _from_sequence
    values, mask = cls._coerce_to_array(scalars, dtype=dtype, copy=copy)
  File "C:\Users\alejo\AppData\Local\Packages\PythonSoftwareFoundation.Python.3.10_qbz5n2kfra8p0\LocalCache\local-packages\Python310\site-packages\pandas\core\arrays\boolean.py", line 344, in _coerce_to_array
    return coerce_to_array(value, copy=copy)
  File "C:\Users\alejo\AppData\Local\Packages\PythonSoftwareFoundation.Python.3.10_qbz5n2kfra8p0\LocalCache\local-packages\Python310\site-packages\pandas\core\arrays\boolean.py", line 194, in coerce_to_array
    raise TypeError("Need to pass bool-like values")
TypeError: Need to pass bool-like values
2023-05-18 23:45:33,882 - ERROR - Se ha presentado una excepcion: Need to pass bool-like values
Traceback (most recent call last):
  File "C:\Users\alejo\AppData\Local\Temp\ipykernel_8984\4051536291.py", line 17, in <module>
    df['DIVERTED']=df['DIVERTED'].astype('boolean')
  File "C:\Users\alejo\AppData\Local\Packages\PythonSoftwareFoundation.Python.3.10_qbz5n2kfra8p0\LocalCache\local-packages\Python310\site-packages\pandas\core\generic.py", line 6240, in astype
    new_data = self._mgr.astype(dtype=dtype, copy=copy, errors=errors)
  File "C:\Users\alejo\AppData\Local\Packages\PythonSoftwareFoundation.Python.3.10_qbz5n2kfra8p0\LocalCache\local-packages\Python310\site-packages\pandas\core\internals\managers.py", line 448, in astype
    return self.apply("astype", dtype=dtype, copy=copy, errors=errors)
  File "C:\Users\alejo\AppData\Local\Packages\PythonSoftwareFoundation.Python.3.10_qbz5n2kfra8p0\LocalCache\local-packages\Python310\site-packages\pandas\core\internals\managers.py", line 352, in apply
    applied = getattr(b, f)(**kwargs)
  File "C:\Users\alejo\AppData\Local\Packages\PythonSoftwareFoundation.Python.3.10_qbz5n2kfra8p0\LocalCache\local-packages\Python310\site-packages\pandas\core\internals\blocks.py", line 526, in astype
    new_values = astype_array_safe(values, dtype, copy=copy, errors=errors)
  File "C:\Users\alejo\AppData\Local\Packages\PythonSoftwareFoundation.Python.3.10_qbz5n2kfra8p0\LocalCache\local-packages\Python310\site-packages\pandas\core\dtypes\astype.py", line 299, in astype_array_safe
    new_values = astype_array(values, dtype, copy=copy)
  File "C:\Users\alejo\AppData\Local\Packages\PythonSoftwareFoundation.Python.3.10_qbz5n2kfra8p0\LocalCache\local-packages\Python310\site-packages\pandas\core\dtypes\astype.py", line 230, in astype_array
    values = astype_nansafe(values, dtype, copy=copy)
  File "C:\Users\alejo\AppData\Local\Packages\PythonSoftwareFoundation.Python.3.10_qbz5n2kfra8p0\LocalCache\local-packages\Python310\site-packages\pandas\core\dtypes\astype.py", line 95, in astype_nansafe
    return dtype.construct_array_type()._from_sequence(arr, dtype=dtype, copy=copy)
  File "C:\Users\alejo\AppData\Local\Packages\PythonSoftwareFoundation.Python.3.10_qbz5n2kfra8p0\LocalCache\local-packages\Python310\site-packages\pandas\core\arrays\masked.py", line 132, in _from_sequence
    values, mask = cls._coerce_to_array(scalars, dtype=dtype, copy=copy)
  File "C:\Users\alejo\AppData\Local\Packages\PythonSoftwareFoundation.Python.3.10_qbz5n2kfra8p0\LocalCache\local-packages\Python310\site-packages\pandas\core\arrays\boolean.py", line 344, in _coerce_to_array
    return coerce_to_array(value, copy=copy)
  File "C:\Users\alejo\AppData\Local\Packages\PythonSoftwareFoundation.Python.3.10_qbz5n2kfra8p0\LocalCache\local-packages\Python310\site-packages\pandas\core\arrays\boolean.py", line 194, in coerce_to_array
    raise TypeError("Need to pass bool-like values")
TypeError: Need to pass bool-like values
2023-05-18 23:45:33,882 - ERROR - Se ha presentado una excepcion: Need to pass bool-like values
Traceback (most recent call last):
  File "C:\Users\alejo\AppData\Local\Temp\ipykernel_8984\4051536291.py", line 17, in <module>
    df['DIVERTED']=df['DIVERTED'].astype('boolean')
  File "C:\Users\alejo\AppData\Local\Packages\PythonSoftwareFoundation.Python.3.10_qbz5n2kfra8p0\LocalCache\local-packages\Python310\site-packages\pandas\core\generic.py", line 6240, in astype
    new_data = self._mgr.astype(dtype=dtype, copy=copy, errors=errors)
  File "C:\Users\alejo\AppData\Local\Packages\PythonSoftwareFoundation.Python.3.10_qbz5n2kfra8p0\LocalCache\local-packages\Python310\site-packages\pandas\core\internals\managers.py", line 448, in astype
    return self.apply("astype", dtype=dtype, copy=copy, errors=errors)
  File "C:\Users\alejo\AppData\Local\Packages\PythonSoftwareFoundation.Python.3.10_qbz5n2kfra8p0\LocalCache\local-packages\Python310\site-packages\pandas\core\internals\managers.py", line 352, in apply
    applied = getattr(b, f)(**kwargs)
  File "C:\Users\alejo\AppData\Local\Packages\PythonSoftwareFoundation.Python.3.10_qbz5n2kfra8p0\LocalCache\local-packages\Python310\site-packages\pandas\core\internals\blocks.py", line 526, in astype
    new_values = astype_array_safe(values, dtype, copy=copy, errors=errors)
  File "C:\Users\alejo\AppData\Local\Packages\PythonSoftwareFoundation.Python.3.10_qbz5n2kfra8p0\LocalCache\local-packages\Python310\site-packages\pandas\core\dtypes\astype.py", line 299, in astype_array_safe
    new_values = astype_array(values, dtype, copy=copy)
  File "C:\Users\alejo\AppData\Local\Packages\PythonSoftwareFoundation.Python.3.10_qbz5n2kfra8p0\LocalCache\local-packages\Python310\site-packages\pandas\core\dtypes\astype.py", line 230, in astype_array
    values = astype_nansafe(values, dtype, copy=copy)
  File "C:\Users\alejo\AppData\Local\Packages\PythonSoftwareFoundation.Python.3.10_qbz5n2kfra8p0\LocalCache\local-packages\Python310\site-packages\pandas\core\dtypes\astype.py", line 95, in astype_nansafe
    return dtype.construct_array_type()._from_sequence(arr, dtype=dtype, copy=copy)
  File "C:\Users\alejo\AppData\Local\Packages\PythonSoftwareFoundation.Python.3.10_qbz5n2kfra8p0\LocalCache\local-packages\Python310\site-packages\pandas\core\arrays\masked.py", line 132, in _from_sequence
    values, mask = cls._coerce_to_array(scalars, dtype=dtype, copy=copy)
  File "C:\Users\alejo\AppData\Local\Packages\PythonSoftwareFoundation.Python.3.10_qbz5n2kfra8p0\LocalCache\local-packages\Python310\site-packages\pandas\core\arrays\boolean.py", line 344, in _coerce_to_array
    return coerce_to_array(value, copy=copy)
  File "C:\Users\alejo\AppData\Local\Packages\PythonSoftwareFoundation.Python.3.10_qbz5n2kfra8p0\LocalCache\local-packages\Python310\site-packages\pandas\core\arrays\boolean.py", line 194, in coerce_to_array
    raise TypeError("Need to pass bool-like values")
TypeError: Need to pass bool-like values
2023-05-18 23:45:33,882 - ERROR - Se ha presentado una excepcion: Need to pass bool-like values
Traceback (most recent call last):
  File "C:\Users\alejo\AppData\Local\Temp\ipykernel_8984\4051536291.py", line 17, in <module>
    df['DIVERTED']=df['DIVERTED'].astype('boolean')
  File "C:\Users\alejo\AppData\Local\Packages\PythonSoftwareFoundation.Python.3.10_qbz5n2kfra8p0\LocalCache\local-packages\Python310\site-packages\pandas\core\generic.py", line 6240, in astype
    new_data = self._mgr.astype(dtype=dtype, copy=copy, errors=errors)
  File "C:\Users\alejo\AppData\Local\Packages\PythonSoftwareFoundation.Python.3.10_qbz5n2kfra8p0\LocalCache\local-packages\Python310\site-packages\pandas\core\internals\managers.py", line 448, in astype
    return self.apply("astype", dtype=dtype, copy=copy, errors=errors)
  File "C:\Users\alejo\AppData\Local\Packages\PythonSoftwareFoundation.Python.3.10_qbz5n2kfra8p0\LocalCache\local-packages\Python310\site-packages\pandas\core\internals\managers.py", line 352, in apply
    applied = getattr(b, f)(**kwargs)
  File "C:\Users\alejo\AppData\Local\Packages\PythonSoftwareFoundation.Python.3.10_qbz5n2kfra8p0\LocalCache\local-packages\Python310\site-packages\pandas\core\internals\blocks.py", line 526, in astype
    new_values = astype_array_safe(values, dtype, copy=copy, errors=errors)
  File "C:\Users\alejo\AppData\Local\Packages\PythonSoftwareFoundation.Python.3.10_qbz5n2kfra8p0\LocalCache\local-packages\Python310\site-packages\pandas\core\dtypes\astype.py", line 299, in astype_array_safe
    new_values = astype_array(values, dtype, copy=copy)
  File "C:\Users\alejo\AppData\Local\Packages\PythonSoftwareFoundation.Python.3.10_qbz5n2kfra8p0\LocalCache\local-packages\Python310\site-packages\pandas\core\dtypes\astype.py", line 230, in astype_array
    values = astype_nansafe(values, dtype, copy=copy)
  File "C:\Users\alejo\AppData\Local\Packages\PythonSoftwareFoundation.Python.3.10_qbz5n2kfra8p0\LocalCache\local-packages\Python310\site-packages\pandas\core\dtypes\astype.py", line 95, in astype_nansafe
    return dtype.construct_array_type()._from_sequence(arr, dtype=dtype, copy=copy)
  File "C:\Users\alejo\AppData\Local\Packages\PythonSoftwareFoundation.Python.3.10_qbz5n2kfra8p0\LocalCache\local-packages\Python310\site-packages\pandas\core\arrays\masked.py", line 132, in _from_sequence
    values, mask = cls._coerce_to_array(scalars, dtype=dtype, copy=copy)
  File "C:\Users\alejo\AppData\Local\Packages\PythonSoftwareFoundation.Python.3.10_qbz5n2kfra8p0\LocalCache\local-packages\Python310\site-packages\pandas\core\arrays\boolean.py", line 344, in _coerce_to_array
    return coerce_to_array(value, copy=copy)
  File "C:\Users\alejo\AppData\Local\Packages\PythonSoftwareFoundation.Python.3.10_qbz5n2kfra8p0\LocalCache\local-packages\Python310\site-packages\pandas\core\arrays\boolean.py", line 194, in coerce_to_array
    raise TypeError("Need to pass bool-like values")
TypeError: Need to pass bool-like values
2023-05-19 01:24:01,319 - ERROR - Se ha presentado una excepcion: time data '0' does not match format '%H%M' (match)
Traceback (most recent call last):
  File "C:\Users\alejo\AppData\Local\Temp\ipykernel_18724\3120231763.py", line 17, in <module>
    df[columna] = pd.to_datetime(df[columna], format='%H%M').dt.time
  File "C:\Users\alejo\AppData\Local\Packages\PythonSoftwareFoundation.Python.3.10_qbz5n2kfra8p0\LocalCache\local-packages\Python310\site-packages\pandas\core\tools\datetimes.py", line 1064, in to_datetime
    cache_array = _maybe_cache(arg, format, cache, convert_listlike)
  File "C:\Users\alejo\AppData\Local\Packages\PythonSoftwareFoundation.Python.3.10_qbz5n2kfra8p0\LocalCache\local-packages\Python310\site-packages\pandas\core\tools\datetimes.py", line 229, in _maybe_cache
    cache_dates = convert_listlike(unique_dates, format)
  File "C:\Users\alejo\AppData\Local\Packages\PythonSoftwareFoundation.Python.3.10_qbz5n2kfra8p0\LocalCache\local-packages\Python310\site-packages\pandas\core\tools\datetimes.py", line 430, in _convert_listlike_datetimes
    res = _to_datetime_with_format(
  File "C:\Users\alejo\AppData\Local\Packages\PythonSoftwareFoundation.Python.3.10_qbz5n2kfra8p0\LocalCache\local-packages\Python310\site-packages\pandas\core\tools\datetimes.py", line 538, in _to_datetime_with_format
    res = _array_strptime_with_fallback(
  File "C:\Users\alejo\AppData\Local\Packages\PythonSoftwareFoundation.Python.3.10_qbz5n2kfra8p0\LocalCache\local-packages\Python310\site-packages\pandas\core\tools\datetimes.py", line 473, in _array_strptime_with_fallback
    result, timezones = array_strptime(arg, fmt, exact=exact, errors=errors)
  File "pandas\_libs\tslibs\strptime.pyx", line 150, in pandas._libs.tslibs.strptime.array_strptime
ValueError: time data '0' does not match format '%H%M' (match)
2023-05-19 01:24:01,319 - ERROR - Se ha presentado una excepcion: time data '0' does not match format '%H%M' (match)
Traceback (most recent call last):
  File "C:\Users\alejo\AppData\Local\Temp\ipykernel_18724\3120231763.py", line 17, in <module>
    df[columna] = pd.to_datetime(df[columna], format='%H%M').dt.time
  File "C:\Users\alejo\AppData\Local\Packages\PythonSoftwareFoundation.Python.3.10_qbz5n2kfra8p0\LocalCache\local-packages\Python310\site-packages\pandas\core\tools\datetimes.py", line 1064, in to_datetime
    cache_array = _maybe_cache(arg, format, cache, convert_listlike)
  File "C:\Users\alejo\AppData\Local\Packages\PythonSoftwareFoundation.Python.3.10_qbz5n2kfra8p0\LocalCache\local-packages\Python310\site-packages\pandas\core\tools\datetimes.py", line 229, in _maybe_cache
    cache_dates = convert_listlike(unique_dates, format)
  File "C:\Users\alejo\AppData\Local\Packages\PythonSoftwareFoundation.Python.3.10_qbz5n2kfra8p0\LocalCache\local-packages\Python310\site-packages\pandas\core\tools\datetimes.py", line 430, in _convert_listlike_datetimes
    res = _to_datetime_with_format(
  File "C:\Users\alejo\AppData\Local\Packages\PythonSoftwareFoundation.Python.3.10_qbz5n2kfra8p0\LocalCache\local-packages\Python310\site-packages\pandas\core\tools\datetimes.py", line 538, in _to_datetime_with_format
    res = _array_strptime_with_fallback(
  File "C:\Users\alejo\AppData\Local\Packages\PythonSoftwareFoundation.Python.3.10_qbz5n2kfra8p0\LocalCache\local-packages\Python310\site-packages\pandas\core\tools\datetimes.py", line 473, in _array_strptime_with_fallback
    result, timezones = array_strptime(arg, fmt, exact=exact, errors=errors)
  File "pandas\_libs\tslibs\strptime.pyx", line 150, in pandas._libs.tslibs.strptime.array_strptime
ValueError: time data '0' does not match format '%H%M' (match)
2023-05-19 01:24:01,319 - ERROR - Se ha presentado una excepcion: time data '0' does not match format '%H%M' (match)
Traceback (most recent call last):
  File "C:\Users\alejo\AppData\Local\Temp\ipykernel_18724\3120231763.py", line 17, in <module>
    df[columna] = pd.to_datetime(df[columna], format='%H%M').dt.time
  File "C:\Users\alejo\AppData\Local\Packages\PythonSoftwareFoundation.Python.3.10_qbz5n2kfra8p0\LocalCache\local-packages\Python310\site-packages\pandas\core\tools\datetimes.py", line 1064, in to_datetime
    cache_array = _maybe_cache(arg, format, cache, convert_listlike)
  File "C:\Users\alejo\AppData\Local\Packages\PythonSoftwareFoundation.Python.3.10_qbz5n2kfra8p0\LocalCache\local-packages\Python310\site-packages\pandas\core\tools\datetimes.py", line 229, in _maybe_cache
    cache_dates = convert_listlike(unique_dates, format)
  File "C:\Users\alejo\AppData\Local\Packages\PythonSoftwareFoundation.Python.3.10_qbz5n2kfra8p0\LocalCache\local-packages\Python310\site-packages\pandas\core\tools\datetimes.py", line 430, in _convert_listlike_datetimes
    res = _to_datetime_with_format(
  File "C:\Users\alejo\AppData\Local\Packages\PythonSoftwareFoundation.Python.3.10_qbz5n2kfra8p0\LocalCache\local-packages\Python310\site-packages\pandas\core\tools\datetimes.py", line 538, in _to_datetime_with_format
    res = _array_strptime_with_fallback(
  File "C:\Users\alejo\AppData\Local\Packages\PythonSoftwareFoundation.Python.3.10_qbz5n2kfra8p0\LocalCache\local-packages\Python310\site-packages\pandas\core\tools\datetimes.py", line 473, in _array_strptime_with_fallback
    result, timezones = array_strptime(arg, fmt, exact=exact, errors=errors)
  File "pandas\_libs\tslibs\strptime.pyx", line 150, in pandas._libs.tslibs.strptime.array_strptime
ValueError: time data '0' does not match format '%H%M' (match)
